<?xml version="1.0" encoding="UTF-8"?>
<!-- Generated by org.testng.reporters.JUnitReportReporter -->
<testsuite hostname="DESKTOP-UKHHTLM" failures="0" tests="1" name="com.robinsinghdev.app.FlipkartTest" time="37.121" errors="0" timestamp="2020-01-05T15:57:14 IST" skipped="0">
  <testcase classname="com.robinsinghdev.app.FlipkartTest" name="f" time="37.121"/>
  <system-out/>
</testsuite> <!-- com.robinsinghdev.app.FlipkartTest -->
