<?xml version="1.0" encoding="UTF-8"?>
<!-- Generated by org.testng.reporters.JUnitReportReporter -->
<testsuite hostname="DESKTOP-UKHHTLM" failures="0" tests="1" name="com.robinsinghdev.app.Assignment1Test" time="57.722" errors="0" timestamp="2020-01-05T20:13:08 IST" skipped="0">
  <testcase classname="com.robinsinghdev.app.Assignment1Test" name="f" time="57.722"/>
  <system-out/>
</testsuite> <!-- com.robinsinghdev.app.Assignment1Test -->
