<?xml version="1.0" encoding="UTF-8"?>
<!-- Generated by org.testng.reporters.JUnitReportReporter -->
<testsuite hostname="DESKTOP-UKHHTLM" failures="0" tests="15" name="com.mycompany.app.Toolsqa2FormTest" time="8.865" errors="0" timestamp="2019-12-31T17:09:23 IST" skipped="12">
  <testcase classname="com.mycompany.app.Toolsqa2FormTest" name="testTooltip_and_DoubleClick" time="5.110"/>
  <system-out/>
  <testcase classname="com.mycompany.app.Toolsqa2FormTest" name="testTooltip" time="2.676"/>
  <system-out/>
  <testcase classname="com.mycompany.app.Toolsqa2FormTest" name="testTabs" time="1.079"/>
  <system-out/>
  <testcase classname="com.mycompany.app.Toolsqa2FormTest" name="testCheckboxradio">
    <skipped/>
  </testcase> <!-- testCheckboxradio -->
  <system-out/>
  <testcase classname="com.mycompany.app.Toolsqa2FormTest" name="testSpinner">
    <skipped/>
  </testcase> <!-- testSpinner -->
  <system-out/>
  <testcase classname="com.mycompany.app.Toolsqa2FormTest" name="testControlGroup">
    <skipped/>
  </testcase> <!-- testControlGroup -->
  <system-out/>
  <testcase classname="com.mycompany.app.Toolsqa2FormTest" name="testAccordian">
    <skipped/>
  </testcase> <!-- testAccordian -->
  <system-out/>
  <testcase classname="com.mycompany.app.Toolsqa2FormTest" name="testMenu">
    <skipped/>
  </testcase> <!-- testMenu -->
  <system-out/>
  <testcase classname="com.mycompany.app.Toolsqa2FormTest" name="testSelectMenu">
    <skipped/>
  </testcase> <!-- testSelectMenu -->
  <system-out/>
  <testcase classname="com.mycompany.app.Toolsqa2FormTest" name="testProgressbar">
    <skipped/>
  </testcase> <!-- testProgressbar -->
  <system-out/>
  <testcase classname="com.mycompany.app.Toolsqa2FormTest" name="testDialog">
    <skipped/>
  </testcase> <!-- testDialog -->
  <system-out/>
  <testcase classname="com.mycompany.app.Toolsqa2FormTest" name="testSlider">
    <skipped/>
  </testcase> <!-- testSlider -->
  <system-out/>
  <testcase classname="com.mycompany.app.Toolsqa2FormTest" name="testAutocomplete">
    <skipped/>
  </testcase> <!-- testAutocomplete -->
  <system-out/>
  <testcase classname="com.mycompany.app.Toolsqa2FormTest" name="testDatepicker">
    <skipped/>
  </testcase> <!-- testDatepicker -->
  <system-out/>
  <testcase classname="com.mycompany.app.Toolsqa2FormTest" name="testButton">
    <skipped/>
  </testcase> <!-- testButton -->
  <system-out/>
</testsuite> <!-- com.mycompany.app.Toolsqa2FormTest -->
