<?xml version="1.0" encoding="UTF-8"?>
<!-- Generated by org.testng.reporters.JUnitReportReporter -->
<testsuite hostname="DESKTOP-UKHHTLM" failures="0" tests="1" name="com.robinsinghdev.app.NewTest" time="4.589" errors="0" timestamp="2020-01-18T12:34:57 IST" skipped="0">
  <testcase classname="com.robinsinghdev.app.NewTest" name="f" time="4.589"/>
  <system-out/>
</testsuite> <!-- com.robinsinghdev.app.NewTest -->
